生成启动时间为 2018/5/18 19:17:34。
     1>项目“C:\Users\Administrator\Desktop\3d引擎\2015级课程资料\OgreMFC_vs2010\OgreMFC\OgreMFC.vcxproj”在节点 2 上(Rebuild 个目标)。
     1>ClCompile:
         D:\我的软件\VS2013\VC\bin\CL.exe /c /ZI /nologo /W3 /WX- /Od /Oy- /D WIN32 /D _WINDOWS /D _DEBUG /D _UNICODE /D UNICODE /D _AFXDLL /Gm /EHsc /RTC1 /MDd /GS /fp:precise /Zc:wchar_t /Zc:forScope /Yc"stdafx.h" /Fp"Debug\OgreMFC.pch" /Fo"Debug\\" /Fd"Debug\vc120.pdb" /Gd /TP /analyze- /errorReport:prompt stdafx.cpp
         stdafx.cpp
         D:\我的软件\VS2013\VC\bin\CL.exe /c /ZI /nologo /W3 /WX- /Od /Oy- /D WIN32 /D _WINDOWS /D _DEBUG /D _UNICODE /D UNICODE /D _AFXDLL /Gm /EHsc /RTC1 /MDd /GS /fp:precise /Zc:wchar_t /Zc:forScope /Yu"stdafx.h" /Fp"Debug\OgreMFC.pch" /Fo"Debug\\" /Fd"Debug\vc120.pdb" /Gd /TP /analyze- /errorReport:prompt MainFrm.cpp MySplitter.cpp OgreControl.cpp OgreMFC.cpp OgreMFCDoc.cpp OgreMFCView.cpp
         OgreMFCView.cpp
         Unknown compiler version - please run the configure tests and report the results
         OgreMFCDoc.cpp
         OgreMFC.cpp
         Unknown compiler version - please run the configure tests and report the results
         OgreControl.cpp
         MySplitter.cpp
         MainFrm.cpp
         Unknown compiler version - please run the configure tests and report the results
         正在生成代码...
       ResourceCompile:
         C:\Program Files (x86)\Windows Kits\8.1\bin\x86\rc.exe /D _DEBUG /D _UNICODE /D UNICODE /D _AFXDLL /l"0x0804" /IDebug\ /nologo /fo"Debug\OgreMFC.res" OgreMFC.rc 
       Link:
         D:\我的软件\VS2013\VC\bin\link.exe /ERRORREPORT:PROMPT /OUT:"C:\Users\Administrator\Desktop\3d引擎\2015级课程资料\OgreMFC_vs2010\OgreMFC\Debug\OgreMFC.exe" /INCREMENTAL /NOLOGO OgreMain_d.lib OIS_D.LIB /MANIFEST /MANIFESTUAC:"level='asInvoker' uiAccess='false'" /manifest:embed /manifestinput:"D:\我的软件\VS2013\VC\Include\Manifest\dpiaware.manifest" /DEBUG /PDB:"C:\Users\Administrator\Desktop\3d引擎\2015级课程资料\OgreMFC_vs2010\OgreMFC\Debug\OgreMFC.pdb" /SUBSYSTEM:WINDOWS /TLBID:1 /ENTRY:"wWinMainCRTStartup" /DYNAMICBASE /NXCOMPAT /IMPLIB:"C:\Users\Administrator\Desktop\3d引擎\2015级课程资料\OgreMFC_vs2010\OgreMFC\Debug\OgreMFC.lib" /MACHINE:X86 Debug\OgreMFC.res
         Debug\MainFrm.obj
         Debug\MySplitter.obj
         Debug\OgreControl.obj
         Debug\OgreMFC.obj
         Debug\OgreMFCDoc.obj
         Debug\OgreMFCView.obj
         Debug\stdafx.obj
         OgreMFC.vcxproj -> C:\Users\Administrator\Desktop\3d引擎\2015级课程资料\OgreMFC_vs2010\OgreMFC\Debug\OgreMFC.exe
     1>已完成生成项目“C:\Users\Administrator\Desktop\3d引擎\2015级课程资料\OgreMFC_vs2010\OgreMFC\OgreMFC.vcxproj”(Rebuild 个目标)的操作。

生成成功。

已用时间 00:00:34.76
