c:\users\administrator\desktop\3d引擎\2015级课程资料\ogremfc_vs2010\ogremfc\debug\ogremfc.pch
c:\users\administrator\desktop\3d引擎\2015级课程资料\ogremfc_vs2010\ogremfc\debug\vc120.pdb
c:\users\administrator\desktop\3d引擎\2015级课程资料\ogremfc_vs2010\ogremfc\debug\vc120.idb
c:\users\administrator\desktop\3d引擎\2015级课程资料\ogremfc_vs2010\ogremfc\debug\stdafx.obj
c:\users\administrator\desktop\3d引擎\2015级课程资料\ogremfc_vs2010\ogremfc\debug\mainfrm.obj
c:\users\administrator\desktop\3d引擎\2015级课程资料\ogremfc_vs2010\ogremfc\debug\mysplitter.obj
c:\users\administrator\desktop\3d引擎\2015级课程资料\ogremfc_vs2010\ogremfc\debug\ogrecontrol.obj
c:\users\administrator\desktop\3d引擎\2015级课程资料\ogremfc_vs2010\ogremfc\debug\ogremfc.obj
c:\users\administrator\desktop\3d引擎\2015级课程资料\ogremfc_vs2010\ogremfc\debug\ogremfcdoc.obj
c:\users\administrator\desktop\3d引擎\2015级课程资料\ogremfc_vs2010\ogremfc\debug\ogremfcview.obj
c:\users\administrator\desktop\3d引擎\2015级课程资料\ogremfc_vs2010\ogremfc\debug\ogremfc.ilk
c:\users\administrator\desktop\3d引擎\2015级课程资料\ogremfc_vs2010\ogremfc\debug\ogremfc.exe
c:\users\administrator\desktop\3d引擎\2015级课程资料\ogremfc_vs2010\ogremfc\debug\ogremfc.pdb
c:\users\administrator\desktop\3d引擎\2015级课程资料\ogremfc_vs2010\ogremfc\debug\ogremfc.res
c:\users\administrator\desktop\3d引擎\2015级课程资料\ogremfc_vs2010\ogremfc\debug\ogremfc.tlog\cl.command.1.tlog
c:\users\administrator\desktop\3d引擎\2015级课程资料\ogremfc_vs2010\ogremfc\debug\ogremfc.tlog\cl.read.1.tlog
c:\users\administrator\desktop\3d引擎\2015级课程资料\ogremfc_vs2010\ogremfc\debug\ogremfc.tlog\cl.write.1.tlog
c:\users\administrator\desktop\3d引擎\2015级课程资料\ogremfc_vs2010\ogremfc\debug\ogremfc.tlog\link.command.1.tlog
c:\users\administrator\desktop\3d引擎\2015级课程资料\ogremfc_vs2010\ogremfc\debug\ogremfc.tlog\link.read.1.tlog
c:\users\administrator\desktop\3d引擎\2015级课程资料\ogremfc_vs2010\ogremfc\debug\ogremfc.tlog\link.write.1.tlog
c:\users\administrator\desktop\3d引擎\2015级课程资料\ogremfc_vs2010\ogremfc\debug\ogremfc.tlog\rc.command.1.tlog
c:\users\administrator\desktop\3d引擎\2015级课程资料\ogremfc_vs2010\ogremfc\debug\ogremfc.tlog\rc.read.1.tlog
c:\users\administrator\desktop\3d引擎\2015级课程资料\ogremfc_vs2010\ogremfc\debug\ogremfc.tlog\rc.write.1.tlog
